#0 building with "desktop-linux" instance using docker driver

#1 [internal] load build definition from Dockerfile
#1 transferring dockerfile: 425B done
#1 DONE 0.0s

#2 [internal] load metadata for docker.io/library/python:3.11-slim
#2 DONE 0.0s

#3 [internal] load .dockerignore
#3 transferring context: 125B done
#3 DONE 0.0s

#4 [internal] load build context
#4 transferring context: 19.40kB 0.0s done
#4 DONE 0.1s

#5 [1/7] FROM docker.io/library/python:3.11-slim@sha256:6d85378d88a19cd4d76079817532d62232be95757cb45945a99fec8e8084b9c2
#5 resolve docker.io/library/python:3.11-slim@sha256:6d85378d88a19cd4d76079817532d62232be95757cb45945a99fec8e8084b9c2 0.1s done
#5 DONE 0.1s

#6 [2/7] WORKDIR /app
#6 CACHED

#7 [3/7] RUN apt-get update && apt-get install -y --no-install-recommends     libpq-dev     gcc     && apt-get clean     && rm -rf /var/lib/apt/lists/*
#7 2.089 Hit:1 http://deb.debian.org/debian trixie InRelease
#7 2.392 Get:2 http://deb.debian.org/debian trixie-updates InRelease [47.3 kB]
#7 2.982 Get:3 http://deb.debian.org/debian-security trixie-security InRelease [43.4 kB]
#7 3.489 Get:4 http://deb.debian.org/debian trixie/main amd64 Packages [9671 kB]
#7 CANCELED
ERROR: failed to build: failed to solve: Canceled: context canceled
